c:\git\automeshingdeve\automeshing\automeshing\x64\debug\vc143.pdb
c:\git\automeshingdeve\automeshing\automeshing\x64\debug\vc143.idb
c:\git\automeshingdeve\automeshing\automeshing\x64\debug\test.obj
c:\git\automeshingdeve\automeshing\automeshing\x64\debug\main.obj
c:\git\automeshingdeve\automeshing\automeshing\x64\debug\console.obj
c:\git\automeshingdeve\automeshing\x64\debug\automeshing.exe
c:\git\automeshingdeve\automeshing\x64\debug\automeshing.pdb
c:\git\automeshingdeve\automeshing\automeshing\x64\debug\automeshing.ilk
c:\git\howtovm\automeshingdeve\automeshing\x64\debug\console.obj
c:\git\howtovm\automeshingdeve\automeshing\x64\debug\main.obj
c:\git\howtovm\automeshingdeve\automeshing\x64\debug\test.obj
c:\git\howtovm\automeshingdeve\automeshing\x64\debug\automeshing.ilk
c:\git\howtovm\automeshingdeve\automeshing\x64\debug\vc143.idb
c:\git\howtovm\automeshingdeve\automeshing\x64\debug\vc143.pdb
c:\git\howtovm\automeshingdeve\x64\debug\automeshing.pdb
c:\git\howtovm\automeshingdeve\x64\debug\automeshing.exe
c:\git\howtovm\automeshingdeve\automeshing\x64\debug\automeshing.tlog\cl.command.1.tlog
c:\git\howtovm\automeshingdeve\automeshing\x64\debug\automeshing.tlog\cl.items.tlog
c:\git\howtovm\automeshingdeve\automeshing\x64\debug\automeshing.tlog\cl.read.1.tlog
c:\git\howtovm\automeshingdeve\automeshing\x64\debug\automeshing.tlog\cl.write.1.tlog
c:\git\howtovm\automeshingdeve\automeshing\x64\debug\automeshing.tlog\link.command.1.tlog
c:\git\howtovm\automeshingdeve\automeshing\x64\debug\automeshing.tlog\link.read.1.tlog
c:\git\howtovm\automeshingdeve\automeshing\x64\debug\automeshing.tlog\link.secondary.1.tlog
c:\git\howtovm\automeshingdeve\automeshing\x64\debug\automeshing.tlog\link.write.1.tlog
